<?xml version="1.0" encoding="UTF-8"?>
<testsuite xmlns:xsi="http://www.w3.org/2001/XMLSchema-instance" xsi:noNamespaceSchemaLocation="https://maven.apache.org/surefire/maven-surefire-plugin/xsd/surefire-test-report-3.0.xsd" version="3.0" name="com.order.CucumberTest" time="1.234" tests="14" errors="0" skipped="0" failures="0">
  <properties>
[...]
</properties>
  <testcase name="Double Eleven Promotion Pricing - Purchase 12 pieces of same product - basic bulk discount" classname="Double Eleven Promotion Pricing" time="0.233">
    <system-out><![CDATA[
@double_eleven
Scenario: Purchase 12 pieces of same product - basic bulk discount &amp#27;[90m# features/double-eleven.feature:10&amp#27;[0m
  &amp#27;[32mGiven &amp#27;[0m&amp#27;[32mthe Double Eleven promotion is active&amp#27;[0m                      &amp#27;[90m# com.order.DoubleElevenSteps.the_double_eleven_promotion_is_active()&amp#27;[0m
  &amp#27;[32mWhen &amp#27;[0m&amp#27;[32ma customer places an order with:&amp#27;[0m                            &amp#27;[90m# com.order.OrderSteps.a_customer_places_an_order_with(io.cucumber.datatable.DataTable)&amp#27;[0m
    | productName | quantity | unitPrice |
    | 襪子          | 12       | 50        |
  &amp#27;[32mThen &amp#27;[0m&amp#27;[32mthe order summary should be:&amp#27;[0m                                &amp#27;[90m# com.order.OrderSteps.the_order_summary_should_be(io.cucumber.datatable.DataTable)&amp#27;[0m
    | totalAmount |
    | 500         |
  &amp#27;[32mAnd &amp#27;[0m&amp#27;[32mthe customer should receive:&amp#27;[0m                                 &amp#27;[90m# com.order.OrderSteps.the_customer_should_receive(io.cucumber.datatable.DataTable)&amp#27;[0m
    | productName | quantity |
    | 襪子          | 12       |
]]></system-out>
  </testcase>
  <testcase name="Double Eleven Promotion Pricing - Purchase 27 pieces of same product - multiple bulk discounts" classname="Double Eleven Promotion Pricing" time="0.021">
    <system-out><![CDATA[
@double_eleven
Scenario: Purchase 27 pieces of same product - multiple bulk discounts &amp#27;[90m# features/double-eleven.feature:21&amp#27;[0m
  &amp#27;[32mGiven &amp#27;[0m&amp#27;[32mthe Double Eleven promotion is active&amp#27;[0m                          &amp#27;[90m# com.order.DoubleElevenSteps.the_double_eleven_promotion_is_active()&amp#27;[0m
  &amp#27;[32mWhen &amp#27;[0m&amp#27;[32ma customer places an order with:&amp#27;[0m                                &amp#27;[90m# com.order.OrderSteps.a_customer_places_an_order_with(io.cucumber.datatable.DataTable)&amp#27;[0m
    | productName | quantity | unitPrice |
    | 襪子          | 27       | 50        |
  &amp#27;[32mThen &amp#27;[0m&amp#27;[32mthe order summary should be:&amp#27;[0m                                    &amp#27;[90m# com.order.OrderSteps.the_order_summary_should_be(io.cucumber.datatable.DataTable)&amp#27;[0m
    | totalAmount |
    | 1150        |
  &amp#27;[32mAnd &amp#27;[0m&amp#27;[32mthe customer should receive:&amp#27;[0m                                     &amp#27;[90m# com.order.OrderSteps.the_customer_should_receive(io.cucumber.datatable.DataTable)&amp#27;[0m
    | productName | quantity |
    | 襪子          | 27       |
]]></system-out>
  </testcase>
  <testcase name="Double Eleven Promotion Pricing - Purchase 10 different products - no bulk discount applies" classname="Double Eleven Promotion Pricing" time="0.015">
    <system-out><![CDATA[
@double_eleven
Scenario: Purchase 10 different products - no bulk discount applies &amp#27;[90m# features/double-eleven.feature:32&amp#27;[0m
  &amp#27;[32mGiven &amp#27;[0m&amp#27;[32mthe Double Eleven promotion is active&amp#27;[0m                       &amp#27;[90m# com.order.DoubleElevenSteps.the_double_eleven_promotion_is_active()&amp#27;[0m
  &amp#27;[32mWhen &amp#27;[0m&amp#27;[32ma customer places an order with:&amp#27;[0m                             &amp#27;[90m# com.order.OrderSteps.a_customer_places_an_order_with(io.cucumber.datatable.DataTable)&amp#27;[0m
    | productName | quantity | unitPrice |
    | 商品A         | 1        | 50        |
    | 商品B         | 1        | 50        |
    | 商品C         | 1        | 50        |
    | 商品D         | 1        | 50        |
    | 商品E         | 1        | 50        |
    | 商品F         | 1        | 50        |
    | 商品G         | 1        | 50        |
    | 商品H         | 1        | 50        |
    | 商品I         | 1        | 50        |
    | 商品J         | 1        | 50        |
  &amp#27;[32mThen &amp#27;[0m&amp#27;[32mthe order summary should be:&amp#27;[0m                                 &amp#27;[90m# com.order.OrderSteps.the_order_summary_should_be(io.cucumber.datatable.DataTable)&amp#27;[0m
    | totalAmount |
    | 500         |
  &amp#27;[32mAnd &amp#27;[0m&amp#27;[32mthe customer should receive:&amp#27;[0m                                  &amp#27;[90m# com.order.OrderSteps.the_customer_should_receive(io.cucumber.datatable.DataTable)&amp#27;[0m
    | productName | quantity |
    | 商品A         | 1        |
    | 商品B         | 1        |
    | 商品C         | 1        |
    | 商品D         | 1        |
    | 商品E         | 1        |
    | 商品F         | 1        |
    | 商品G         | 1        |
    | 商品H         | 1        |
    | 商品I         | 1        |
    | 商品J         | 1        |
]]></system-out>
  </testcase>
  <testcase name="Double Eleven Promotion Pricing - Double Eleven with threshold discount - bulk discount then threshold discount" classname="Double Eleven Promotion Pricing" time="0.02">
    <system-out><![CDATA[
@double_eleven
Scenario: Double Eleven with threshold discount - bulk discount then threshold discount &amp#27;[90m# features/double-eleven.feature:61&amp#27;[0m
  &amp#27;[32mGiven &amp#27;[0m&amp#27;[32mthe Double Eleven promotion is active&amp#27;[0m                                           &amp#27;[90m# com.order.DoubleElevenSteps.the_double_eleven_promotion_is_active()&amp#27;[0m
  &amp#27;[32mGiven &amp#27;[0m&amp#27;[32mthe threshold discount promotion is configured:&amp#27;[0m                                 &amp#27;[90m# com.order.OrderSteps.the_threshold_discount_promotion_is_configured(io.cucumber.datatable.DataTable)&amp#27;[0m
    | threshold | discount |
    | 1000      | 100      |
  &amp#27;[32mWhen &amp#27;[0m&amp#27;[32ma customer places an order with:&amp#27;[0m                                                 &amp#27;[90m# com.order.OrderSteps.a_customer_places_an_order_with(io.cucumber.datatable.DataTable)&amp#27;[0m
    | productName | quantity | unitPrice |
    | 襪子          | 12       | 100       |
  &amp#27;[32mThen &amp#27;[0m&amp#27;[32mthe order summary should be:&amp#27;[0m                                                     &amp#27;[90m# com.order.OrderSteps.the_order_summary_should_be(io.cucumber.datatable.DataTable)&amp#27;[0m
    | originalAmount | doubleElevenDiscount | subtotalAfterDoubleEleven | thresholdDiscount | totalAmount |
    | 1200           | 200                  | 1000                      | 100               | 900         |
  &amp#27;[32mAnd &amp#27;[0m&amp#27;[32mthe customer should receive:&amp#27;[0m                                                      &amp#27;[90m# com.order.OrderSteps.the_customer_should_receive(io.cucumber.datatable.DataTable)&amp#27;[0m
    | productName | quantity |
    | 襪子          | 12       |
]]></system-out>
  </testcase>
  <testcase name="Double Eleven Promotion Pricing - Double Eleven with buy-one-get-one for cosmetics" classname="Double Eleven Promotion Pricing" time="0.029">
    <system-out><![CDATA[
@double_eleven
Scenario: Double Eleven with buy-one-get-one for cosmetics    &amp#27;[90m# features/double-eleven.feature:75&amp#27;[0m
  &amp#27;[32mGiven &amp#27;[0m&amp#27;[32mthe Double Eleven promotion is active&amp#27;[0m                 &amp#27;[90m# com.order.DoubleElevenSteps.the_double_eleven_promotion_is_active()&amp#27;[0m
  &amp#27;[32mGiven &amp#27;[0m&amp#27;[32mthe buy one get one promotion for cosmetics is active&amp#27;[0m &amp#27;[90m# com.order.OrderSteps.the_buy_one_get_one_promotion_for_cosmetics_is_active()&amp#27;[0m
  &amp#27;[32mWhen &amp#27;[0m&amp#27;[32ma customer places an order with:&amp#27;[0m                       &amp#27;[90m# com.order.OrderSteps.a_customer_places_an_order_with(io.cucumber.datatable.DataTable)&amp#27;[0m
    | productName | category  | quantity | unitPrice |
    | 口紅          | cosmetics | 12       | 100       |
  &amp#27;[32mThen &amp#27;[0m&amp#27;[32mthe order summary should be:&amp#27;[0m                           &amp#27;[90m# com.order.OrderSteps.the_order_summary_should_be(io.cucumber.datatable.DataTable)&amp#27;[0m
    | originalAmount | doubleElevenDiscount | totalAmount |
    | 1200           | 200                  | 1000        |
  &amp#27;[32mAnd &amp#27;[0m&amp#27;[32mthe customer should receive:&amp#27;[0m                            &amp#27;[90m# com.order.OrderSteps.the_customer_should_receive(io.cucumber.datatable.DataTable)&amp#27;[0m
    | productName | quantity |
    | 口紅          | 13       |
]]></system-out>
  </testcase>
  <testcase name="Double Eleven Promotion Pricing - Mixed products with Double Eleven discount" classname="Double Eleven Promotion Pricing" time="0.021">
    <system-out><![CDATA[
@double_eleven
Scenario: Mixed products with Double Eleven discount &amp#27;[90m# features/double-eleven.feature:87&amp#27;[0m
  &amp#27;[32mGiven &amp#27;[0m&amp#27;[32mthe Double Eleven promotion is active&amp#27;[0m        &amp#27;[90m# com.order.DoubleElevenSteps.the_double_eleven_promotion_is_active()&amp#27;[0m
  &amp#27;[32mWhen &amp#27;[0m&amp#27;[32ma customer places an order with:&amp#27;[0m              &amp#27;[90m# com.order.OrderSteps.a_customer_places_an_order_with(io.cucumber.datatable.DataTable)&amp#27;[0m
    | productName | quantity | unitPrice |
    | T-shirt     | 5        | 200       |
    | 襪子          | 15       | 50        |
  &amp#27;[32mThen &amp#27;[0m&amp#27;[32mthe order summary should be:&amp#27;[0m                  &amp#27;[90m# com.order.OrderSteps.the_order_summary_should_be(io.cucumber.datatable.DataTable)&amp#27;[0m
    | totalAmount |
    | 1650        |
  &amp#27;[32mAnd &amp#27;[0m&amp#27;[32mthe customer should receive:&amp#27;[0m                   &amp#27;[90m# com.order.OrderSteps.the_customer_should_receive(io.cucumber.datatable.DataTable)&amp#27;[0m
    | productName | quantity |
    | T-shirt     | 5        |
    | 襪子          | 15       |
]]></system-out>
  </testcase>
  <testcase name="Double Eleven Promotion Pricing - Large quantity with multiple bulk discount groups" classname="Double Eleven Promotion Pricing" time="0.008">
    <system-out><![CDATA[
@double_eleven
Scenario: Large quantity with multiple bulk discount groups &amp#27;[90m# features/double-eleven.feature:100&amp#27;[0m
  &amp#27;[32mGiven &amp#27;[0m&amp#27;[32mthe Double Eleven promotion is active&amp#27;[0m               &amp#27;[90m# com.order.DoubleElevenSteps.the_double_eleven_promotion_is_active()&amp#27;[0m
  &amp#27;[32mWhen &amp#27;[0m&amp#27;[32ma customer places an order with:&amp#27;[0m                     &amp#27;[90m# com.order.OrderSteps.a_customer_places_an_order_with(io.cucumber.datatable.DataTable)&amp#27;[0m
    | productName | quantity | unitPrice |
    | 襪子          | 35       | 100       |
  &amp#27;[32mThen &amp#27;[0m&amp#27;[32mthe order summary should be:&amp#27;[0m                         &amp#27;[90m# com.order.OrderSteps.the_order_summary_should_be(io.cucumber.datatable.DataTable)&amp#27;[0m
    | totalAmount |
    | 2900        |
  &amp#27;[32mAnd &amp#27;[0m&amp#27;[32mthe customer should receive:&amp#27;[0m                          &amp#27;[90m# com.order.OrderSteps.the_customer_should_receive(io.cucumber.datatable.DataTable)&amp#27;[0m
    | productName | quantity |
    | 襪子          | 35       |
]]></system-out>
  </testcase>
  <testcase name="Double Eleven Promotion Pricing - Complex scenario with multiple promotions and Double Eleven" classname="Double Eleven Promotion Pricing" time="0.011">
    <system-out><![CDATA[
@double_eleven
Scenario: Complex scenario with multiple promotions and Double Eleven &amp#27;[90m# features/double-eleven.feature:111&amp#27;[0m
  &amp#27;[32mGiven &amp#27;[0m&amp#27;[32mthe Double Eleven promotion is active&amp#27;[0m                         &amp#27;[90m# com.order.DoubleElevenSteps.the_double_eleven_promotion_is_active()&amp#27;[0m
  &amp#27;[32mGiven &amp#27;[0m&amp#27;[32mthe threshold discount promotion is configured:&amp#27;[0m               &amp#27;[90m# com.order.OrderSteps.the_threshold_discount_promotion_is_configured(io.cucumber.datatable.DataTable)&amp#27;[0m
    | threshold | discount |
    | 1000      | 100      |
  &amp#27;[32mAnd &amp#27;[0m&amp#27;[32mthe buy one get one promotion for cosmetics is active&amp#27;[0m           &amp#27;[90m# com.order.OrderSteps.the_buy_one_get_one_promotion_for_cosmetics_is_active()&amp#27;[0m
  &amp#27;[32mWhen &amp#27;[0m&amp#27;[32ma customer places an order with:&amp#27;[0m                               &amp#27;[90m# com.order.OrderSteps.a_customer_places_an_order_with(io.cucumber.datatable.DataTable)&amp#27;[0m
    | productName | category  | quantity | unitPrice |
    | T-shirt     | apparel   | 8        | 200       |
    | 口紅          | cosmetics | 12       | 100       |
  &amp#27;[32mThen &amp#27;[0m&amp#27;[32mthe order summary should be:&amp#27;[0m                                   &amp#27;[90m# com.order.OrderSteps.the_order_summary_should_be(io.cucumber.datatable.DataTable)&amp#27;[0m
    | originalAmount | doubleElevenDiscount | subtotalAfterDoubleEleven | thresholdDiscount | totalAmount |
    | 2800           | 200                  | 2600                      | 100               | 2500        |
  &amp#27;[32mAnd &amp#27;[0m&amp#27;[32mthe customer should receive:&amp#27;[0m                                    &amp#27;[90m# com.order.OrderSteps.the_customer_should_receive(io.cucumber.datatable.DataTable)&amp#27;[0m
    | productName | quantity |
    | T-shirt     | 8        |
    | 口紅          | 13       |
]]></system-out>
  </testcase>
  <testcase name="E-commerce Order Pricing Promotions - Single product without promotions" classname="E-commerce Order Pricing Promotions" time="0.016">
    <system-out><![CDATA[
@order_pricing
Scenario: Single product without promotions &amp#27;[90m# features/order.feature:7&amp#27;[0m
  &amp#27;[32mGiven &amp#27;[0m&amp#27;[32mno promotions are applied&amp#27;[0m           &amp#27;[90m# com.order.OrderSteps.no_promotions_are_applied()&amp#27;[0m
  &amp#27;[32mWhen &amp#27;[0m&amp#27;[32ma customer places an order with:&amp#27;[0m     &amp#27;[90m# com.order.OrderSteps.a_customer_places_an_order_with(io.cucumber.datatable.DataTable)&amp#27;[0m
    | productName | quantity | unitPrice |
    | T-shirt     | 1        | 500       |
  &amp#27;[32mThen &amp#27;[0m&amp#27;[32mthe order summary should be:&amp#27;[0m         &amp#27;[90m# com.order.OrderSteps.the_order_summary_should_be(io.cucumber.datatable.DataTable)&amp#27;[0m
    | totalAmount |
    | 500         |
  &amp#27;[32mAnd &amp#27;[0m&amp#27;[32mthe customer should receive:&amp#27;[0m          &amp#27;[90m# com.order.OrderSteps.the_customer_should_receive(io.cucumber.datatable.DataTable)&amp#27;[0m
    | productName | quantity |
    | T-shirt     | 1        |
]]></system-out>
  </testcase>
  <testcase name="E-commerce Order Pricing Promotions - Threshold discount applies when subtotal reaches 1000" classname="E-commerce Order Pricing Promotions" time="0.026">
    <system-out><![CDATA[
@order_pricing
Scenario: Threshold discount applies when subtotal reaches 1000 &amp#27;[90m# features/order.feature:19&amp#27;[0m
  &amp#27;[32mGiven &amp#27;[0m&amp#27;[32mthe threshold discount promotion is configured:&amp#27;[0m         &amp#27;[90m# com.order.OrderSteps.the_threshold_discount_promotion_is_configured(io.cucumber.datatable.DataTable)&amp#27;[0m
    | threshold | discount |
    | 1000      | 100      |
  &amp#27;[32mWhen &amp#27;[0m&amp#27;[32ma customer places an order with:&amp#27;[0m                         &amp#27;[90m# com.order.OrderSteps.a_customer_places_an_order_with(io.cucumber.datatable.DataTable)&amp#27;[0m
    | productName | quantity | unitPrice |
    | T-shirt     | 2        | 500       |
    | 褲子          | 1        | 600       |
  &amp#27;[32mThen &amp#27;[0m&amp#27;[32mthe order summary should be:&amp#27;[0m                             &amp#27;[90m# com.order.OrderSteps.the_order_summary_should_be(io.cucumber.datatable.DataTable)&amp#27;[0m
    | originalAmount | discount | totalAmount |
    | 1600           | 100      | 1500        |
  &amp#27;[32mAnd &amp#27;[0m&amp#27;[32mthe customer should receive:&amp#27;[0m                              &amp#27;[90m# com.order.OrderSteps.the_customer_should_receive(io.cucumber.datatable.DataTable)&amp#27;[0m
    | productName | quantity |
    | T-shirt     | 2        |
    | 褲子          | 1        |
]]></system-out>
  </testcase>
  <testcase name="E-commerce Order Pricing Promotions - Buy-one-get-one for cosmetics - multiple products" classname="E-commerce Order Pricing Promotions" time="0.007">
    <system-out><![CDATA[
@order_pricing
Scenario: Buy-one-get-one for cosmetics - multiple products   &amp#27;[90m# features/order.feature:35&amp#27;[0m
  &amp#27;[32mGiven &amp#27;[0m&amp#27;[32mthe buy one get one promotion for cosmetics is active&amp#27;[0m &amp#27;[90m# com.order.OrderSteps.the_buy_one_get_one_promotion_for_cosmetics_is_active()&amp#27;[0m
  &amp#27;[32mWhen &amp#27;[0m&amp#27;[32ma customer places an order with:&amp#27;[0m                       &amp#27;[90m# com.order.OrderSteps.a_customer_places_an_order_with(io.cucumber.datatable.DataTable)&amp#27;[0m
    | productName | category  | quantity | unitPrice |
    | 口紅          | cosmetics | 1        | 300       |
    | 粉底液         | cosmetics | 1        | 400       |
  &amp#27;[32mThen &amp#27;[0m&amp#27;[32mthe order summary should be:&amp#27;[0m                           &amp#27;[90m# com.order.OrderSteps.the_order_summary_should_be(io.cucumber.datatable.DataTable)&amp#27;[0m
    | totalAmount |
    | 700         |
  &amp#27;[32mAnd &amp#27;[0m&amp#27;[32mthe customer should receive:&amp#27;[0m                            &amp#27;[90m# com.order.OrderSteps.the_customer_should_receive(io.cucumber.datatable.DataTable)&amp#27;[0m
    | productName | quantity |
    | 口紅          | 2        |
    | 粉底液         | 2        |
]]></system-out>
  </testcase>
  <testcase name="E-commerce Order Pricing Promotions - Buy-one-get-one for cosmetics - same product twice" classname="E-commerce Order Pricing Promotions" time="0.03">
    <system-out><![CDATA[
@order_pricing
Scenario: Buy-one-get-one for cosmetics - same product twice  &amp#27;[90m# features/order.feature:49&amp#27;[0m
  &amp#27;[32mGiven &amp#27;[0m&amp#27;[32mthe buy one get one promotion for cosmetics is active&amp#27;[0m &amp#27;[90m# com.order.OrderSteps.the_buy_one_get_one_promotion_for_cosmetics_is_active()&amp#27;[0m
  &amp#27;[32mWhen &amp#27;[0m&amp#27;[32ma customer places an order with:&amp#27;[0m                       &amp#27;[90m# com.order.OrderSteps.a_customer_places_an_order_with(io.cucumber.datatable.DataTable)&amp#27;[0m
    | productName | category  | quantity | unitPrice |
    | 口紅          | cosmetics | 2        | 300       |
  &amp#27;[32mThen &amp#27;[0m&amp#27;[32mthe order summary should be:&amp#27;[0m                           &amp#27;[90m# com.order.OrderSteps.the_order_summary_should_be(io.cucumber.datatable.DataTable)&amp#27;[0m
    | totalAmount |
    | 600         |
  &amp#27;[32mAnd &amp#27;[0m&amp#27;[32mthe customer should receive:&amp#27;[0m                            &amp#27;[90m# com.order.OrderSteps.the_customer_should_receive(io.cucumber.datatable.DataTable)&amp#27;[0m
    | productName | quantity |
    | 口紅          | 3        |
]]></system-out>
  </testcase>
  <testcase name="E-commerce Order Pricing Promotions - Buy-one-get-one for cosmetics - mixed categories" classname="E-commerce Order Pricing Promotions" time="0.009">
    <system-out><![CDATA[
@order_pricing
Scenario: Buy-one-get-one for cosmetics - mixed categories    &amp#27;[90m# features/order.feature:61&amp#27;[0m
  &amp#27;[32mGiven &amp#27;[0m&amp#27;[32mthe buy one get one promotion for cosmetics is active&amp#27;[0m &amp#27;[90m# com.order.OrderSteps.the_buy_one_get_one_promotion_for_cosmetics_is_active()&amp#27;[0m
  &amp#27;[32mWhen &amp#27;[0m&amp#27;[32ma customer places an order with:&amp#27;[0m                       &amp#27;[90m# com.order.OrderSteps.a_customer_places_an_order_with(io.cucumber.datatable.DataTable)&amp#27;[0m
    | productName | category  | quantity | unitPrice |
    | 襪子          | apparel   | 1        | 100       |
    | 口紅          | cosmetics | 1        | 300       |
  &amp#27;[32mThen &amp#27;[0m&amp#27;[32mthe order summary should be:&amp#27;[0m                           &amp#27;[90m# com.order.OrderSteps.the_order_summary_should_be(io.cucumber.datatable.DataTable)&amp#27;[0m
    | totalAmount |
    | 400         |
  &amp#27;[32mAnd &amp#27;[0m&amp#27;[32mthe customer should receive:&amp#27;[0m                            &amp#27;[90m# com.order.OrderSteps.the_customer_should_receive(io.cucumber.datatable.DataTable)&amp#27;[0m
    | productName | quantity |
    | 襪子          | 1        |
    | 口紅          | 2        |
]]></system-out>
  </testcase>
  <testcase name="E-commerce Order Pricing Promotions - Multiple promotions stacked" classname="E-commerce Order Pricing Promotions" time="0.008">
    <system-out><![CDATA[
@order_pricing
Scenario: Multiple promotions stacked                       &amp#27;[90m# features/order.feature:75&amp#27;[0m
  &amp#27;[32mGiven &amp#27;[0m&amp#27;[32mthe threshold discount promotion is configured:&amp#27;[0m     &amp#27;[90m# com.order.OrderSteps.the_threshold_discount_promotion_is_configured(io.cucumber.datatable.DataTable)&amp#27;[0m
    | threshold | discount |
    | 1000      | 100      |
  &amp#27;[32mAnd &amp#27;[0m&amp#27;[32mthe buy one get one promotion for cosmetics is active&amp#27;[0m &amp#27;[90m# com.order.OrderSteps.the_buy_one_get_one_promotion_for_cosmetics_is_active()&amp#27;[0m
  &amp#27;[32mWhen &amp#27;[0m&amp#27;[32ma customer places an order with:&amp#27;[0m                     &amp#27;[90m# com.order.OrderSteps.a_customer_places_an_order_with(io.cucumber.datatable.DataTable)&amp#27;[0m
    | productName | category  | quantity | unitPrice |
    | T-shirt     | apparel   | 3        | 500       |
    | 口紅          | cosmetics | 1        | 300       |
  &amp#27;[32mThen &amp#27;[0m&amp#27;[32mthe order summary should be:&amp#27;[0m                         &amp#27;[90m# com.order.OrderSteps.the_order_summary_should_be(io.cucumber.datatable.DataTable)&amp#27;[0m
    | originalAmount | discount | totalAmount |
    | 1800           | 100      | 1700        |
  &amp#27;[32mAnd &amp#27;[0m&amp#27;[32mthe customer should receive:&amp#27;[0m                          &amp#27;[90m# com.order.OrderSteps.the_customer_should_receive(io.cucumber.datatable.DataTable)&amp#27;[0m
    | productName | quantity |
    | T-shirt     | 3        |
    | 口紅          | 2        |
]]></system-out>
  </testcase>
</testsuite>